Jul 08, 2018 5:38:47 PM Server.ServerUDP <init>
INFO: DDO UDP Server Started
Jul 08, 2018 6:09:37 PM Server.ServerUDP <init>
INFO: DDO UDP Server Started
Jul 08, 2018 6:26:10 PM Server.ServerUDP <init>
INFO: DDO UDP Server Started
Jul 08, 2018 6:27:37 PM Server.ServerUDP <init>
INFO: DDO UDP Server Started
Jul 08, 2018 6:28:20 PM Server.ServerUDP <init>
INFO: DDO UDP Server Started
Jul 08, 2018 6:29:36 PM Server.ServerUDP <init>
INFO: DDO UDP Server Started
Jul 08, 2018 6:33:54 PM Server.ServerUDP <init>
INFO: DDO UDP Server Started
Jul 08, 2018 6:36:23 PM Server.ServerUDP <init>
INFO: DDO UDP Server Started
Jul 08, 2018 6:45:25 PM Server.ServerUDP <init>
INFO: DDO UDP Server Started
Jul 08, 2018 6:47:14 PM Server.ServerUDP <init>
INFO: DDO UDP Server Started
Jul 08, 2018 6:51:28 PM Server.ServerUDP run
INFO: Received GET_RECORD_COUNT from DDO
Jul 08, 2018 6:51:39 PM Server.ServerUDP run
INFO: Received TRANSFER_RECORD#MTL8888,SR1,Adam,Sadler,[Maths/Physics/Chemistry],active,29-02-2016 from DDO
Jul 08, 2018 6:51:44 PM Server.ServerUDP run
INFO: Received GET_RECORD_COUNT from DDO
Jul 08, 2018 6:54:09 PM Server.ServerUDP run
INFO: Received GET_RECORD_COUNT from DDO
Jul 08, 2018 7:02:08 PM Server.ServerUDP run
INFO: Received GET_RECORD_COUNT from DDO
Jul 08, 2018 7:05:22 PM Server.ServerUDP run
INFO: Received GET_RECORD_COUNT from DDO
Jul 08, 2018 7:10:23 PM Server.ServerUDP run
INFO: Received GET_RECORD_COUNT from DDO
Jul 08, 2018 7:10:42 PM Server.ServerUDP run
INFO: Received GET_RECORD_COUNT from DDO
Jul 08, 2018 7:22:35 PM Server.ServerUDP <init>
INFO: DDO UDP Server Started
Jul 08, 2018 7:33:38 PM Server.ServerUDP <init>
INFO: DDO UDP Server Started
Jul 08, 2018 7:36:23 PM Server.ServerUDP run
INFO: Received GET_RECORD_COUNT from DDO
Jul 08, 2018 7:36:46 PM Server.ServerUDP run
INFO: Received GET_RECORD_COUNT from DDO
Jul 08, 2018 7:39:27 PM Server.ServerUDP run
INFO: Received GET_RECORD_COUNT from DDO
Jul 08, 2018 7:39:31 PM Server.ServerUDP run
INFO: Received GET_RECORD_COUNT from DDO
Jul 08, 2018 7:58:00 PM Server.ServerUDP run
INFO: Received GET_RECORD_COUNT from DDO
Jul 08, 2018 8:00:33 PM Server.ServerUDP run
INFO: Received GET_RECORD_COUNT from DDO
Jul 08, 2018 8:02:37 PM Server.ServerUDP run
INFO: Received GET_RECORD_COUNT from DDO
Jul 08, 2018 8:04:21 PM Server.ServerUDP <init>
INFO: DDO UDP Server Started
Jul 08, 2018 8:06:05 PM Server.ServerUDP run
INFO: Received GET_RECORD_COUNT from DDO
Jul 08, 2018 8:06:21 PM Server.ServerUDP run
INFO: Received GET_RECORD_COUNT from DDO
Jul 08, 2018 8:09:33 PM Server.ServerUDP <init>
INFO: DDO UDP Server Started
Jul 08, 2018 8:10:59 PM Server.ServerUDP run
INFO: Received GET_RECORD_COUNT from DDO
