Jul 08, 2018 5:38:47 PM Server.ServerUDP <init>
INFO: LVL UDP Server Started
Jul 08, 2018 6:09:37 PM Server.ServerUDP <init>
INFO: LVL UDP Server Started
Jul 08, 2018 6:26:10 PM Server.ServerUDP <init>
INFO: LVL UDP Server Started
Jul 08, 2018 6:27:37 PM Server.ServerUDP <init>
INFO: LVL UDP Server Started
Jul 08, 2018 6:28:20 PM Server.ServerUDP <init>
INFO: LVL UDP Server Started
Jul 08, 2018 6:29:36 PM Server.ServerUDP <init>
INFO: LVL UDP Server Started
Jul 08, 2018 6:33:54 PM Server.ServerUDP <init>
INFO: LVL UDP Server Started
Jul 08, 2018 6:36:23 PM Server.ServerUDP <init>
INFO: LVL UDP Server Started
Jul 08, 2018 6:45:25 PM Server.ServerUDP <init>
INFO: LVL UDP Server Started
Jul 08, 2018 6:47:14 PM Server.ServerUDP <init>
INFO: LVL UDP Server Started
Jul 08, 2018 6:51:28 PM Server.ServerUDP run
INFO: Received GET_RECORD_COUNT from LVL
Jul 08, 2018 6:51:44 PM Server.ServerUDP run
INFO: Received GET_RECORD_COUNT from LVL
Jul 08, 2018 6:54:09 PM Server.ServerUDP run
INFO: Received GET_RECORD_COUNT from LVL
Jul 08, 2018 7:02:08 PM Server.ServerUDP run
INFO: Received GET_RECORD_COUNT from LVL
Jul 08, 2018 7:05:22 PM Server.ServerUDP run
INFO: Received GET_RECORD_COUNT from LVL
Jul 08, 2018 7:10:23 PM Server.ServerUDP run
INFO: Received GET_RECORD_COUNT from LVL
Jul 08, 2018 7:10:42 PM Server.ServerUDP run
INFO: Received TRANSFER_RECORD#MTL1234,TR2,AKHILA,CHILUKURI,mtl,222-222-2222,mcse,mtl from LVL
Jul 08, 2018 7:10:42 PM Server.ServerUDP run
INFO: Received GET_RECORD_COUNT from LVL
Jul 08, 2018 7:22:35 PM Server.ServerUDP <init>
INFO: LVL UDP Server Started
Jul 08, 2018 7:32:24 PM Server.ServerUDP run
INFO: Received TRANSFER_RECORD#MTL6666,TR1,Sam,Anderson,Client 2 Address,123-456-7891,Maths,DDO from LVL
Jul 08, 2018 7:32:24 PM Server.ServerUDP run
INFO: Received TRANSFER_RECORD#MTL6666,TR1,Sam,Anderson,Client 2 Address,123-456-7891,Maths,DDO from LVL
Jul 08, 2018 7:33:38 PM Server.ServerUDP <init>
INFO: LVL UDP Server Started
Jul 08, 2018 7:35:57 PM Server.ServerUDP run
INFO: Received TRANSFER_RECORD#MTL5656,TR1,vicky,lovebird,asdsad,123-123-1231,Love,MTL from LVL
Jul 08, 2018 7:36:23 PM Server.ServerUDP run
INFO: Received GET_RECORD_COUNT from LVL
Jul 08, 2018 7:36:46 PM Server.ServerUDP run
INFO: Received GET_RECORD_COUNT from LVL
Jul 08, 2018 7:38:48 PM Server.DcmsServerImpl transferRecord
INFO: Record created in  MTL  and removed from LVL
Jul 08, 2018 7:39:27 PM Server.ServerUDP run
INFO: Received GET_RECORD_COUNT from LVL
Jul 08, 2018 7:39:31 PM Server.ServerUDP run
INFO: Received GET_RECORD_COUNT from LVL
Jul 08, 2018 7:39:59 PM Server.ServerUDP run
INFO: Received TRANSFER_RECORD#MTL5656,TR1,vicky,lovebird,asdsad,123-123-1231,Love,MTL from LVL
Jul 08, 2018 7:58:00 PM Server.ServerUDP run
INFO: Received GET_RECORD_COUNT from LVL
Jul 08, 2018 8:04:21 PM Server.ServerUDP <init>
INFO: LVL UDP Server Started
Jul 08, 2018 8:06:05 PM Server.ServerUDP run
INFO: Received GET_RECORD_COUNT from LVL
Jul 08, 2018 8:06:21 PM Server.ServerUDP run
INFO: Received GET_RECORD_COUNT from LVL
Jul 08, 2018 8:09:33 PM Server.ServerUDP <init>
INFO: LVL UDP Server Started
Jul 08, 2018 8:10:59 PM Server.ServerUDP run
INFO: Received GET_RECORD_COUNT from LVL
